<?xml version="1.0" encoding="UTF-8"?>
<!-- Generated by org.testng.reporters.JUnitXMLReporter -->
<testsuite hostname="DESKTOP-TVV01JP" ignored="0" name="Default test" tests="2" failures="0" timestamp="03 Feb 2018 14:27:48 GMT" time="40.962" errors="0">
  <testcase name="DepositPageTitleTest" time="0.03" classname="com.guru99.qa.testcases.DepositPageTest"/>
  <testcase name="DepositePageLabelTest" time="0.033" classname="com.guru99.qa.testcases.DepositPageTest"/>
</testsuite> <!-- Default test -->
