<?xml version="1.0" encoding="UTF-8"?>
<!-- Generated by org.testng.reporters.JUnitXMLReporter -->
<testsuite hostname="DESKTOP-TVV01JP" ignored="0" name="Default test" tests="5" failures="0" timestamp="05 Feb 2018 20:44:12 GMT" time="96.497" errors="0">
  <testcase name="CreateNewCustomerTest" time="1.003" classname="com.guru99.qa.testcases.NewCustomerPageTest"/>
  <testcase name="CreateNewCustomerTest" time="0.888" classname="com.guru99.qa.testcases.NewCustomerPageTest"/>
  <testcase name="CreateNewCustomerTest" time="0.81" classname="com.guru99.qa.testcases.NewCustomerPageTest"/>
  <testcase name="CreateNewCustomerTest" time="0.919" classname="com.guru99.qa.testcases.NewCustomerPageTest"/>
  <testcase name="CreateNewCustomerTest" time="0.862" classname="com.guru99.qa.testcases.NewCustomerPageTest"/>
</testsuite> <!-- Default test -->
