<?xml version="1.0" encoding="UTF-8"?><testsuite failures="0" name="cucumber.runtime.formatter.JUnitFormatter" skipped="0" tests="6" time="0">
<testcase classname="Title of your feature" name="Title of your scenario" time="0">
<system-out><![CDATA[Given user opens a brower...................................................skipped
When user enters the URL on the address bar.................................skipped
Then user checks the title of the page......................................skipped
And user closes the browser.................................................skipped
]]></system-out>
</testcase>
<testcase classname="Title of your feature" name="Guru99 Successful login" time="0">
<system-out><![CDATA[Given user is on the login screen...........................................skipped
When Login page is displayed................................................skipped
Then user enters the username and password..................................skipped
Then user clicks on Login button............................................skipped
And user is on Home page....................................................skipped
And user closes the browser.................................................skipped
]]></system-out>
</testcase>
<testcase classname="Title of your feature" name="Guru99 Successful login" time="0">
<system-out><![CDATA[Given user is on the login screen...........................................skipped
When Login page is displayed................................................skipped
Then user enters the "mngr115134" and "vEtYtYt".............................skipped
Then user clicks on Login button............................................skipped
And user is on Home page....................................................skipped
Then user clicks on Add Customer Link.......................................skipped
And user enters customer details "sunder" and "m" and "13/05/1986" and "Chennai" and "TN" and "600125".skipped
And user closes the browser.................................................skipped
]]></system-out>
</testcase>
<testcase classname="Title of your feature" name="Guru99 Successful login 2" time="0">
<system-out><![CDATA[Given user is on the login screen...........................................skipped
When Login page is displayed................................................skipped
Then user enters the "mngr115134" and "vEtYtYt".............................skipped
Then user clicks on Login button............................................skipped
And user is on Home page....................................................skipped
Then user clicks on Add Customer Link.......................................skipped
And user enters customer details "rajan" and "f" and "14/06/1989" and "coimbatore" and "TN" and "631099".skipped
And user closes the browser.................................................skipped
]]></system-out>
</testcase>
<testcase classname="Title of your feature" name="Guru99 Successful login using DataTables" time="0">
<system-out><![CDATA[Given user is on the login screen...........................................skipped
When Login page is displayed................................................skipped
Then user enters username and password......................................skipped
Then user clicks on Login button............................................skipped
And user is on Home page....................................................skipped
Then user clicks on Add Customer Link.......................................skipped
And user enters customer details Customer Name and Gender and Date of Birth and City and State and PIN.skipped
And user closes the browser.................................................skipped
]]></system-out>
</testcase>
<testcase classname="Title of your feature" name="Guru99 Successful login using DataTables" time="0">
<system-out><![CDATA[Given user is on the login screen...........................................skipped
When Login page is displayed................................................skipped
Then user enters their username and password................................skipped
Then user clicks on Login button............................................skipped
And user is on Home page....................................................skipped
Then user clicks on Add Customer Link.......................................skipped
And user enters multiple customer details Customer Name and Gender and Date of Birth and City and State and PIN.skipped
And user closes the browser.................................................skipped
]]></system-out>
</testcase>
</testsuite>
