<?xml version="1.0" encoding="UTF-8"?>
<!-- Generated by org.testng.reporters.JUnitXMLReporter -->
<testsuite hostname="DESKTOP-TVV01JP" ignored="0" name="Smoke Test" tests="7" failures="0" timestamp="03 Feb 2018 14:34:41 GMT" time="130.876" errors="0">
  <testcase name="LoggedUserTitleTest" time="0.086" classname="com.guru99.qa.testcases.ManagerPageTest"/>
  <testcase name="ManagerPageTitleTest" time="0.018" classname="com.guru99.qa.testcases.ManagerPageTest"/>
  <testcase name="LoginTitleTest" time="0.017" classname="com.guru99.qa.testcases.LoginPageTest"/>
  <testcase name="DepositPageTitleTest" time="0.025" classname="com.guru99.qa.testcases.DepositPageTest"/>
  <testcase name="LoginLogoTest" time="0.074" classname="com.guru99.qa.testcases.LoginPageTest"/>
  <testcase name="DepositePageLabelTest" time="0.047" classname="com.guru99.qa.testcases.DepositPageTest"/>
  <testcase name="successfulLoginTest" time="2.562" classname="com.guru99.qa.testcases.LoginPageTest"/>
</testsuite> <!-- Smoke Test -->
