<?xml version="1.0" encoding="UTF-8"?>
<!-- Generated by org.testng.reporters.JUnitXMLReporter -->
<testsuite hostname="DESKTOP-TVV01JP" ignored="0" name="Smoke Test" tests="7" failures="0" timestamp="10 Feb 2018 15:56:57 GMT" time="156.248" errors="0">
  <testcase name="LoggedUserTitleTest" time="0.199" classname="com.guru99.qa.testcases.ManagerPageTest"/>
  <testcase name="ManagerPageTitleTest" time="0.016" classname="com.guru99.qa.testcases.ManagerPageTest"/>
  <testcase name="LoginTitleTest" time="0.02" classname="com.guru99.qa.testcases.LoginPageTest"/>
  <testcase name="DepositPageTitleTest" time="0.009" classname="com.guru99.qa.testcases.DepositPageTest"/>
  <testcase name="LoginLogoTest" time="0.103" classname="com.guru99.qa.testcases.LoginPageTest"/>
  <testcase name="DepositePageLabelTest" time="0.065" classname="com.guru99.qa.testcases.DepositPageTest"/>
  <testcase name="successfulLoginTest" time="2.968" classname="com.guru99.qa.testcases.LoginPageTest"/>
</testsuite> <!-- Smoke Test -->
